https://mapi.alipay.com/gateway.do?
&service=alipay.security.risk.detect%2Fnotify_url
_input_charset=utf-8
&buyer_account_no=zhangpeng820213%40gmail.com
&buyer_reg_date=2014-09-26+15%3A30%3A00
&notify_url=http%3A%2F%2F10.13.63.172%3A8080%2Falipay.security.risk.detect%2Fnotify_url.php
&order_amount=0.01
&order_category=%E8%99%9A%E6%8B%9F^%E5%BD%A9%E7%A5%A8^%E5%8F%8C%E8%89%B2%E7%90%83
&order_credate_time=2014-09-26+15%3A30%3A00
&order_item_name=%E5%85%85%E6%B8%B8%E6%88%8F%E7%82%B9%E5%8D%A1
&order_no=201409260000001
&partner=2088201564809153
&return_url=http%3A%2F%2F127.0.0.1%3A8080%2Fcreate_direct_pay_by_user-PHP-UTF-8%2Freturn_url.php
&scene_code=payment%40infohold
&seller_email=payment%40infohold.com.cn
&service=alipay.security.risk.detect
&terminal_type=WEB
&timestamp=2014-09-26+15%3A30%3A00
&sign=505b769c3d840fb70d21a018875ca80e
&sign_type=MD5


https://mapi.alipay.com/gateway.do?
&_input_charset=utf-8
&buyer_account_no=10003
&buyer_reg_date=2014-09-01

&order_amount=0.01
&order_category=%E6%95%B0%E7%A0%81%5E%E6%89%8B%E6%9C%BA%5Eiphone
&order_create_time=2014-09-26+10%3A30%3A00
&order_item_name=smallpay
&order_no=20140926000001
&partner=2088411976138217

&scene_code=PAYMENT

&service=alipay.security.risk.detect%2Fnotify_url
terminal_type=WEB
&timestamp=2014-09-26+11%3A31%3A48
&sign=74cb21729eac7aec6f5c134406afa830
&sign_type=MD5


<?xml version="1.0" encoding="GBK"?>
<alipay><is_success>F</is_success><error>ILLEGAL_SIGN</error></alipay>


https://mapi.alipay.com/gateway.do?
_input_charset=utf-8%26buyer_account_no=10003%26buyer_reg_date=2014-09-01%26order_amount=0.01%26order_category=%E6%95%B0%E7%A0%81%5E%E6%89%8B%E6%9C%BA%5Eiphone%26order_create_time=2014-09-26%2010%3A30%3A00%26order_item_name=smallpay%26order_no=20140926000001%26partner=2088411976138217%26scene_code=PAYMENT%26service=alipay.security.risk.detect%26sign=c05d3b01e41b58a8fe60b983d8eb2221%26sign_type=MD5%26terminal_type=WEB%26timestamp=2014-09-26%2016%3A18%3A28
